
> frontend@0.0.0 build
> ng build

[33mâ¯[39m Building...
[32mâœ”[39m Building...
Application bundle generation failed. [2.494 seconds] - 2026-02-04T10:54:34.970Z

[1m[31m[31mX [41;31m[[41;97mERROR[41;31m][0m [1mTS2307: Cannot find module '../shared/pages/tournaments-list/tournaments-list.component' or its corresponding type declarations.[0m [1m[35m[plugin angular-compiler][0m

    src/app/captain/captain.routes.ts:30:44:
[37m      30 â”‚ ...=> import([32m'../shared/pages/tournaments-list/tournaments-list.co[37m...
         â•µ              [32m~~~~~~~~~~~~~~~~~~~~~~~~~~~~~~~~~~~~~~~~~~~~~~~~~~~~~[0m


[31mX [41;31m[[41;97mERROR[41;31m][0m [1mTS2307: Cannot find module '../shared/pages/tournament-detail/tournament-detail.component' or its corresponding type declarations.[0m [1m[35m[plugin angular-compiler][0m

    src/app/captain/captain.routes.ts:38:44:
[37m      38 â”‚ ...=> import([32m'../shared/pages/tournament-detail/tournament-detail.[37m...
         â•µ              [32m~~~~~~~~~~~~~~~~~~~~~~~~~~~~~~~~~~~~~~~~~~~~~~~~~~~~~[0m


[31mX [41;31m[[41;97mERROR[41;31m][0m [1mTS2307: Cannot find module '../../../core/services/match.service' or its corresponding type declarations.[0m [1m[35m[plugin angular-compiler][0m

    src/app/features/matches/components/end-match-confirm/end-match-confirm.component.ts:3:29:
[37m      3 â”‚ import { MatchService } from [32m'../../../core/services/match.service'[37m;
        â•µ                              [32m~~~~~~~~~~~~~~~~~~~~~~~~~~~~~~~~~~~~~~[0m


[31mX [41;31m[[41;97mERROR[41;31m][0m [1mTS2307: Cannot find module '../../services/ui-feedback.service' or its corresponding type declarations.[0m [1m[35m[plugin angular-compiler][0m

    src/app/features/matches/components/end-match-confirm/end-match-confirm.component.ts:4:34:
[37m      4 â”‚ ...rt { UIFeedbackService } from [32m'../../services/ui-feedback.service'[37m;
        â•µ                                  [32m~~~~~~~~~~~~~~~~~~~~~~~~~~~~~~~~~~~~[0m


[31mX [41;31m[[41;97mERROR[41;31m][0m [1mTS2307: Cannot find module '../../../core/models/tournament.model' or its corresponding type declarations.[0m [1m[35m[plugin angular-compiler][0m

    src/app/features/matches/components/end-match-confirm/end-match-confirm.component.ts:5:22:
[37m      5 â”‚ import { Match } from [32m'../../../core/models/tournament.model'[37m;
        â•µ                       [32m~~~~~~~~~~~~~~~~~~~~~~~~~~~~~~~~~~~~~~~[0m


[31mX [41;31m[[41;97mERROR[41;31m][0m [1mTS2307: Cannot find module '../modal/modal.component' or its corresponding type declarations.[0m [1m[35m[plugin angular-compiler][0m

    src/app/features/matches/components/end-match-confirm/end-match-confirm.component.ts:6:31:
[37m      6 â”‚ import { ModalComponent } from [32m'../modal/modal.component'[37m;
        â•µ                                [32m~~~~~~~~~~~~~~~~~~~~~~~~~~[0m


[31mX [41;31m[[41;97mERROR[41;31m][0m [1mTS2307: Cannot find module '../button/button.component' or its corresponding type declarations.[0m [1m[35m[plugin angular-compiler][0m

    src/app/features/matches/components/end-match-confirm/end-match-confirm.component.ts:7:32:
[37m      7 â”‚ import { ButtonComponent } from [32m'../button/button.component'[37m;
        â•µ                                 [32m~~~~~~~~~~~~~~~~~~~~~~~~~~~~[0m


[31mX [41;31m[[41;97mERROR[41;31m][0m [1mNG1010: 'imports' must be an array of components, directives, pipes, or NgModules.
  Value could not be determined statically.[0m [1m[35m[plugin angular-compiler][0m

    src/app/features/matches/components/end-match-confirm/end-match-confirm.component.ts:12:28:
[37m      12 â”‚     imports: [CommonModule, [32mModalComponent[37m, ButtonComponent],
         â•µ                             [32m~~~~~~~~~~~~~~[0m

  Unknown reference.

    src/app/features/matches/components/end-match-confirm/end-match-confirm.component.ts:12:28:
[37m      12 â”‚     imports: [CommonModule, [32mModalComponent[37m, ButtonComponent],
         â•µ                             [32m~~~~~~~~~~~~~~[0m


[31mX [41;31m[[41;97mERROR[41;31m][0m [1mNG1010: 'imports' must be an array of components, directives, pipes, or NgModules.
  Value could not be determined statically.[0m [1m[35m[plugin angular-compiler][0m

    src/app/features/matches/components/end-match-confirm/end-match-confirm.component.ts:12:44:
[37m      12 â”‚     imports: [CommonModule, ModalComponent, [32mButtonComponent[37m],
         â•µ                                             [32m~~~~~~~~~~~~~~~[0m

  Unknown reference.

    src/app/features/matches/components/end-match-confirm/end-match-confirm.component.ts:12:44:
[37m      12 â”‚     imports: [CommonModule, ModalComponent, [32mButtonComponent[37m],
         â•µ                                             [32m~~~~~~~~~~~~~~~[0m


[31mX [41;31m[[41;97mERROR[41;31m][0m [1mTS2571: Object is of type 'unknown'.[0m [1m[35m[plugin angular-compiler][0m

    src/app/features/matches/components/end-match-confirm/end-match-confirm.component.ts:32:8:
[37m      32 â”‚         [32mthis.matchService[37m.endMatch(this.matchId).subscribe({
         â•µ         [32m~~~~~~~~~~~~~~~~~[0m


[31mX [41;31m[[41;97mERROR[41;31m][0m [1mTS7006: Parameter 'endedMatch' implicitly has an 'any' type.[0m [1m[35m[plugin angular-compiler][0m

    src/app/features/matches/components/end-match-confirm/end-match-confirm.component.ts:33:19:
[37m      33 â”‚             next: ([32mendedMatch[37m) => {
         â•µ                    [32m~~~~~~~~~~[0m


[31mX [41;31m[[41;97mERROR[41;31m][0m [1mTS2571: Object is of type 'unknown'.[0m [1m[35m[plugin angular-compiler][0m

    src/app/features/matches/components/end-match-confirm/end-match-confirm.component.ts:35:16:
[37m      35 â”‚                 [32mthis.matchService[37m.submitMatchReport(
         â•µ                 [32m~~~~~~~~~~~~~~~~~[0m


[31mX [41;31m[[41;97mERROR[41;31m][0m [1mTS7006: Parameter 'matchWithReport' implicitly has an 'any' type.[0m [1m[35m[plugin angular-compiler][0m

    src/app/features/matches/components/end-match-confirm/end-match-confirm.component.ts:41:27:
[37m      41 â”‚                     next: ([32mmatchWithReport[37m) => {
         â•µ                            [32m~~~~~~~~~~~~~~~[0m


[31mX [41;31m[[41;97mERROR[41;31m][0m [1mTS2571: Object is of type 'unknown'.[0m [1m[35m[plugin angular-compiler][0m

    src/app/features/matches/components/end-match-confirm/end-match-confirm.component.ts:42:24:
[37m      42 â”‚                         [32mthis.uiFeedback[37m.success('ØªÙ… Ø¨Ù†Ø¬Ø§Ø­',...
         â•µ                         [32m~~~~~~~~~~~~~~~[0m


[31mX [41;31m[[41;97mERROR[41;31m][0m [1mTS2571: Object is of type 'unknown'.[0m [1m[35m[plugin angular-compiler][0m

    src/app/features/matches/components/end-match-confirm/end-match-confirm.component.ts:48:24:
[37m      48 â”‚                         [32mthis.uiFeedback[37m.warning('ØªÙ†Ø¨ÙŠÙ‡', 'Øªï¿½...
         â•µ                         [32m~~~~~~~~~~~~~~~[0m


[31mX [41;31m[[41;97mERROR[41;31m][0m [1mTS2571: Object is of type 'unknown'.[0m [1m[35m[plugin angular-compiler][0m

    src/app/features/matches/components/end-match-confirm/end-match-confirm.component.ts:56:16:
[37m      56 â”‚                 [32mthis.uiFeedback[37m.error('Ø®Ø·Ø£', 'ÙØ´Ù„ ÙÙŠ Ø¥Ù†ï¿½...
         â•µ                 [32m~~~~~~~~~~~~~~~[0m


[31mX [41;31m[[41;97mERROR[41;31m][0m [1mTS2307: Cannot find module '../../../core/services/match.service' or its corresponding type declarations.[0m [1m[35m[plugin angular-compiler][0m

    src/app/features/matches/components/match-event-modal/match-event-modal.component.ts:4:29:
[37m      4 â”‚ import { MatchService } from [32m'../../../core/services/match.service'[37m;
        â•µ                              [32m~~~~~~~~~~~~~~~~~~~~~~~~~~~~~~~~~~~~~~[0m


[31mX [41;31m[[41;97mERROR[41;31m][0m [1mTS2307: Cannot find module '../../../core/services/team.service' or its corresponding type declarations.[0m [1m[35m[plugin angular-compiler][0m

    src/app/features/matches/components/match-event-modal/match-event-modal.component.ts:5:28:
[37m      5 â”‚ import { TeamService } from [32m'../../../core/services/team.service'[37m;
        â•µ                             [32m~~~~~~~~~~~~~~~~~~~~~~~~~~~~~~~~~~~~~[0m


[31mX [41;31m[[41;97mERROR[41;31m][0m [1mTS2307: Cannot find module '../../services/ui-feedback.service' or its corresponding type declarations.[0m [1m[35m[plugin angular-compiler][0m

    src/app/features/matches/components/match-event-modal/match-event-modal.component.ts:6:34:
[37m      6 â”‚ ...rt { UIFeedbackService } from [32m'../../services/ui-feedback.service'[37m;
        â•µ                                  [32m~~~~~~~~~~~~~~~~~~~~~~~~~~~~~~~~~~~~[0m


[31mX [41;31m[[41;97mERROR[41;31m][0m [1mTS2307: Cannot find module '../modal/modal.component' or its corresponding type declarations.[0m [1m[35m[plugin angular-compiler][0m

    src/app/features/matches/components/match-event-modal/match-event-modal.component.ts:7:31:
[37m      7 â”‚ import { ModalComponent } from [32m'../modal/modal.component'[37m;
        â•µ                                [32m~~~~~~~~~~~~~~~~~~~~~~~~~~[0m


[31mX [41;31m[[41;97mERROR[41;31m][0m [1mTS2307: Cannot find module '../button/button.component' or its corresponding type declarations.[0m [1m[35m[plugin angular-compiler][0m

    src/app/features/matches/components/match-event-modal/match-event-modal.component.ts:8:32:
[37m      8 â”‚ import { ButtonComponent } from [32m'../button/button.component'[37m;
        â•µ                                 [32m~~~~~~~~~~~~~~~~~~~~~~~~~~~~[0m


[31mX [41;31m[[41;97mERROR[41;31m][0m [1mTS2307: Cannot find module '../../../core/models/tournament.model' or its corresponding type declarations.[0m [1m[35m[plugin angular-compiler][0m

    src/app/features/matches/components/match-event-modal/match-event-modal.component.ts:9:38:
[37m      9 â”‚ ...tch, MatchEventType } from [32m'../../../core/models/tournament.model'[37m;
        â•µ                               [32m~~~~~~~~~~~~~~~~~~~~~~~~~~~~~~~~~~~~~~~[0m


[31mX [41;31m[[41;97mERROR[41;31m][0m [1mNG1010: 'imports' must be an array of components, directives, pipes, or NgModules.
  Value could not be determined statically.[0m [1m[35m[plugin angular-compiler][0m

    src/app/features/matches/components/match-event-modal/match-event-modal.component.ts:14:41:
[37m      14 â”‚ ...rts: [CommonModule, FormsModule, [32mModalComponent[37m, ButtonComponent],
         â•µ                                     [32m~~~~~~~~~~~~~~[0m

  Unknown reference.

    src/app/features/matches/components/match-event-modal/match-event-modal.component.ts:14:41:
[37m      14 â”‚ ...rts: [CommonModule, FormsModule, [32mModalComponent[37m, ButtonComponent],
         â•µ                                     [32m~~~~~~~~~~~~~~[0m


[31mX [41;31m[[41;97mERROR[41;31m][0m [1mNG1010: 'imports' must be an array of components, directives, pipes, or NgModules.
  Value could not be determined statically.[0m [1m[35m[plugin angular-compiler][0m

    src/app/features/matches/components/match-event-modal/match-event-modal.component.ts:14:57:
[37m      14 â”‚ ...rts: [CommonModule, FormsModule, ModalComponent, [32mButtonComponent[37m],
         â•µ                                                     [32m~~~~~~~~~~~~~~~[0m

  Unknown reference.

    src/app/features/matches/components/match-event-modal/match-event-modal.component.ts:14:57:
[37m      14 â”‚ ...rts: [CommonModule, FormsModule, ModalComponent, [32mButtonComponent[37m],
         â•µ                                                     [32m~~~~~~~~~~~~~~~[0m


[31mX [41;31m[[41;97mERROR[41;31m][0m [1mTS2571: Object is of type 'unknown'.[0m [1m[35m[plugin angular-compiler][0m

    src/app/features/matches/components/match-event-modal/match-event-modal.component.ts:83:8:
[37m      83 â”‚         [32mthis.teamService[37m.getTeamById(teamId).subscribe(team => {
         â•µ         [32m~~~~~~~~~~~~~~~~[0m


[31mX [41;31m[[41;97mERROR[41;31m][0m [1mTS7006: Parameter 'team' implicitly has an 'any' type.[0m [1m[35m[plugin angular-compiler][0m

    src/app/features/matches/components/match-event-modal/match-event-modal.component.ts:83:55:
[37m      83 â”‚         this.teamService.getTeamById(teamId).subscribe([32mteam[37m => {
         â•µ                                                        [32m~~~~[0m


[31mX [41;31m[[41;97mERROR[41;31m][0m [1mTS2571: Object is of type 'unknown'.[0m [1m[35m[plugin angular-compiler][0m

    src/app/features/matches/components/match-event-modal/match-event-modal.component.ts:122:12:
[37m      122 â”‚             [32mthis.uiFeedback[37m.error('Ø®Ø·Ø£', 'ÙŠØ±Ø¬Ù‰ Ø§Ø®ØªÙŠØ§ï¿½...
          â•µ             [32m~~~~~~~~~~~~~~~[0m


[31mX [41;31m[[41;97mERROR[41;31m][0m [1mTS2571: Object is of type 'unknown'.[0m [1m[35m[plugin angular-compiler][0m

    src/app/features/matches/components/match-event-modal/match-event-modal.component.ts:127:8:
[37m      127 â”‚         [32mthis.matchService[37m.addMatchEvent(this.match.id, {
          â•µ         [32m~~~~~~~~~~~~~~~~~[0m


[31mX [41;31m[[41;97mERROR[41;31m][0m [1mTS7006: Parameter 'updatedMatch' implicitly has an 'any' type.[0m [1m[35m[plugin angular-compiler][0m

    src/app/features/matches/components/match-event-modal/match-event-modal.component.ts:133:19:
[37m      133 â”‚             next: ([32mupdatedMatch[37m) => {
          â•µ                    [32m~~~~~~~~~~~~[0m


[31mX [41;31m[[41;97mERROR[41;31m][0m [1mTS2571: Object is of type 'unknown'.[0m [1m[35m[plugin angular-compiler][0m

    src/app/features/matches/components/match-event-modal/match-event-modal.component.ts:134:16:
[37m      134 â”‚                 [32mthis.uiFeedback[37m.success('ØªÙ… Ø§Ù„Ø¥Ø¶Ø§ÙØ©', 'ï¿½...
          â•µ                 [32m~~~~~~~~~~~~~~~[0m


[31mX [41;31m[[41;97mERROR[41;31m][0m [1mTS2571: Object is of type 'unknown'.[0m [1m[35m[plugin angular-compiler][0m

    src/app/features/matches/components/match-event-modal/match-event-modal.component.ts:140:16:
[37m      140 â”‚                 [32mthis.uiFeedback[37m.error('Ø®Ø·Ø£', 'ÙØ´Ù„ ÙÙŠ Ø¥Ø¶...
          â•µ                 [32m~~~~~~~~~~~~~~~[0m


[31mX [41;31m[[41;97mERROR[41;31m][0m [1mTS2307: Cannot find module '../../../core/models/tournament.model' or its corresponding type declarations.[0m [1m[35m[plugin angular-compiler][0m

    src/app/features/matches/components/match-timeline/match-timeline.component.ts:3:31:
[37m      3 â”‚ ...rt { MatchEventType } from [32m'../../../core/models/tournament.model'[37m;
        â•µ                               [32m~~~~~~~~~~~~~~~~~~~~~~~~~~~~~~~~~~~~~~~[0m


[31mX [41;31m[[41;97mERROR[41;31m][0m [1mTS2307: Cannot find module '../../../../../shared/services/ui-feedback.service' or its corresponding type declarations.[0m [1m[35m[plugin angular-compiler][0m

    src/app/features/teams/pages/team-detail/team-detail.component.ts:4:34:
[37m      4 â”‚ ...ervice } from [32m'../../../../../shared/services/ui-feedback.service'[37m;
        â•µ                  [32m~~~~~~~~~~~~~~~~~~~~~~~~~~~~~~~~~~~~~~~~~~~~~~~~~~~~[0m


[31mX [41;31m[[41;97mERROR[41;31m][0m [1mTS2307: Cannot find module '../../../../../shared/components/filter/filter.component' or its corresponding type declarations.[0m [1m[35m[plugin angular-compiler][0m

    src/app/features/teams/pages/team-detail/team-detail.component.ts:5:32:
[37m      5 â”‚ ...ent } from [32m'../../../../../shared/components/filter/filter.compo[37m...
        â•µ               [32m~~~~~~~~~~~~~~~~~~~~~~~~~~~~~~~~~~~~~~~~~~~~~~~~~~~~~[0m


[31mX [41;31m[[41;97mERROR[41;31m][0m [1mTS2307: Cannot find module '../../../../../shared/components/button/button.component' or its corresponding type declarations.[0m [1m[35m[plugin angular-compiler][0m

    src/app/features/teams/pages/team-detail/team-detail.component.ts:6:32:
[37m      6 â”‚ ...ent } from [32m'../../../../../shared/components/button/button.compo[37m...
        â•µ               [32m~~~~~~~~~~~~~~~~~~~~~~~~~~~~~~~~~~~~~~~~~~~~~~~~~~~~~[0m


[31mX [41;31m[[41;97mERROR[41;31m][0m [1mTS2307: Cannot find module '../../../../../shared/components/badge/badge.component' or its corresponding type declarations.[0m [1m[35m[plugin angular-compiler][0m

    src/app/features/teams/pages/team-detail/team-detail.component.ts:7:31:
[37m      7 â”‚ ...ent } from [32m'../../../../../shared/components/badge/badge.compone[37m...
        â•µ               [32m~~~~~~~~~~~~~~~~~~~~~~~~~~~~~~~~~~~~~~~~~~~~~~~~~~~~~[0m


[31mX [41;31m[[41;97mERROR[41;31m][0m [1mNG1010: 'imports' must be an array of components, directives, pipes, or NgModules.
  Value could not be determined statically.[0m [1m[35m[plugin angular-compiler][0m

    src/app/features/teams/pages/team-detail/team-detail.component.ts:14:8:
[37m      14 â”‚         [32mFilterComponent[37m,
         â•µ         [32m~~~~~~~~~~~~~~~[0m

  Unknown reference.

    src/app/features/teams/pages/team-detail/team-detail.component.ts:14:8:
[37m      14 â”‚         [32mFilterComponent[37m,
         â•µ         [32m~~~~~~~~~~~~~~~[0m


[31mX [41;31m[[41;97mERROR[41;31m][0m [1mNG1010: 'imports' must be an array of components, directives, pipes, or NgModules.
  Value could not be determined statically.[0m [1m[35m[plugin angular-compiler][0m

    src/app/features/teams/pages/team-detail/team-detail.component.ts:15:8:
[37m      15 â”‚         [32mButtonComponent[37m,
         â•µ         [32m~~~~~~~~~~~~~~~[0m

  Unknown reference.

    src/app/features/teams/pages/team-detail/team-detail.component.ts:15:8:
[37m      15 â”‚         [32mButtonComponent[37m,
         â•µ         [32m~~~~~~~~~~~~~~~[0m


[31mX [41;31m[[41;97mERROR[41;31m][0m [1mNG1010: 'imports' must be an array of components, directives, pipes, or NgModules.
  Value could not be determined statically.[0m [1m[35m[plugin angular-compiler][0m

    src/app/features/teams/pages/team-detail/team-detail.component.ts:16:8:
[37m      16 â”‚         [32mBadgeComponent[37m
         â•µ         [32m~~~~~~~~~~~~~~[0m

  Unknown reference.

    src/app/features/teams/pages/team-detail/team-detail.component.ts:16:8:
[37m      16 â”‚         [32mBadgeComponent[37m
         â•µ         [32m~~~~~~~~~~~~~~[0m


[31mX [41;31m[[41;97mERROR[41;31m][0m [1mTS2571: Object is of type 'unknown'.[0m [1m[35m[plugin angular-compiler][0m

    src/app/features/teams/pages/team-detail/team-detail.component.ts:110:8:
[37m      110 â”‚         [32mthis.uiFeedback[37m.confirm(title, message, btn, type).subscr...
          â•µ         [32m~~~~~~~~~~~~~~~[0m


[31mX [41;31m[[41;97mERROR[41;31m][0m [1mTS2571: Object is of type 'unknown'.[0m [1m[35m[plugin angular-compiler][0m

    src/app/features/teams/pages/team-detail/team-detail.component.ts:116:16:
[37m      116 â”‚                 [32mthis.uiFeedback[37m.success('ØªÙ… Ø§Ù„ØªØ­Ø¯ÙŠØ«', 'ï¿½...
          â•µ                 [32m~~~~~~~~~~~~~~~[0m


[31mX [41;31m[[41;97mERROR[41;31m][0m [1mTS2307: Cannot find module '../../../../shared/services/ui-feedback.service' or its corresponding type declarations.[0m [1m[35m[plugin angular-compiler][0m

    src/app/features/teams/pages/teams-list.component.ts:4:34:
[37m      4 â”‚ ...ckService } from [32m'../../../../shared/services/ui-feedback.service'[37m;
        â•µ                     [32m~~~~~~~~~~~~~~~~~~~~~~~~~~~~~~~~~~~~~~~~~~~~~~~~~[0m


[31mX [41;31m[[41;97mERROR[41;31m][0m [1mTS2307: Cannot find module '../../../../shared/components/filter/filter.component' or its corresponding type declarations.[0m [1m[35m[plugin angular-compiler][0m

    src/app/features/teams/pages/teams-list.component.ts:5:32:
[37m      5 â”‚ ...ent } from [32m'../../../../shared/components/filter/filter.component'[37m;
        â•µ               [32m~~~~~~~~~~~~~~~~~~~~~~~~~~~~~~~~~~~~~~~~~~~~~~~~~~~~~~~[0m


[31mX [41;31m[[41;97mERROR[41;31m][0m [1mTS2307: Cannot find module '../../../../shared/components/page-header/page-header.component' or its corresponding type declarations.[0m [1m[35m[plugin angular-compiler][0m

    src/app/features/teams/pages/teams-list.component.ts:6:36:
[37m      6 â”‚ ...ent } from [32m'../../../../shared/components/page-header/page-heade[37m...
        â•µ               [32m~~~~~~~~~~~~~~~~~~~~~~~~~~~~~~~~~~~~~~~~~~~~~~~~~~~~~[0m


[31mX [41;31m[[41;97mERROR[41;31m][0m [1mTS2307: Cannot find module '../../../../shared/components/button/button.component' or its corresponding type declarations.[0m [1m[35m[plugin angular-compiler][0m

    src/app/features/teams/pages/teams-list.component.ts:7:32:
[37m      7 â”‚ ...ent } from [32m'../../../../shared/components/button/button.component'[37m;
        â•µ               [32m~~~~~~~~~~~~~~~~~~~~~~~~~~~~~~~~~~~~~~~~~~~~~~~~~~~~~~~[0m


[31mX [41;31m[[41;97mERROR[41;31m][0m [1mTS2307: Cannot find module '../../../../shared/components/badge/badge.component' or its corresponding type declarations.[0m [1m[35m[plugin angular-compiler][0m

    src/app/features/teams/pages/teams-list.component.ts:8:31:
[37m      8 â”‚ ...onent } from [32m'../../../../shared/components/badge/badge.component'[37m;
        â•µ                 [32m~~~~~~~~~~~~~~~~~~~~~~~~~~~~~~~~~~~~~~~~~~~~~~~~~~~~~[0m


[31mX [41;31m[[41;97mERROR[41;31m][0m [1mTS2307: Cannot find module '../../../../shared/components/empty-state/empty-state.component' or its corresponding type declarations.[0m [1m[35m[plugin angular-compiler][0m

    src/app/features/teams/pages/teams-list.component.ts:9:36:
[37m      9 â”‚ ...ent } from [32m'../../../../shared/components/empty-state/empty-stat[37m...
        â•µ               [32m~~~~~~~~~~~~~~~~~~~~~~~~~~~~~~~~~~~~~~~~~~~~~~~~~~~~~[0m


[31mX [41;31m[[41;97mERROR[41;31m][0m [1mTS2307: Cannot find module '../../../../shared/components/inline-loading/inline-loading.component' or its corresponding type declarations.[0m [1m[35m[plugin angular-compiler][0m

    src/app/features/teams/pages/teams-list.component.ts:10:39:
[37m      10 â”‚ ...nt } from [32m'../../../../shared/components/inline-loading/inline-[37m...
         â•µ              [32m~~~~~~~~~~~~~~~~~~~~~~~~~~~~~~~~~~~~~~~~~~~~~~~~~~~~~[0m


[31mX [41;31m[[41;97mERROR[41;31m][0m [1mNG1010: 'imports' must be an array of components, directives, pipes, or NgModules.
  Value could not be determined statically.[0m [1m[35m[plugin angular-compiler][0m

    src/app/features/teams/pages/teams-list.component.ts:30:8:
[37m      30 â”‚         [32mFilterComponent[37m,
         â•µ         [32m~~~~~~~~~~~~~~~[0m

  Unknown reference.

    src/app/features/teams/pages/teams-list.component.ts:30:8:
[37m      30 â”‚         [32mFilterComponent[37m,
         â•µ         [32m~~~~~~~~~~~~~~~[0m


[31mX [41;31m[[41;97mERROR[41;31m][0m [1mNG1010: 'imports' must be an array of components, directives, pipes, or NgModules.
  Value could not be determined statically.[0m [1m[35m[plugin angular-compiler][0m

    src/app/features/teams/pages/teams-list.component.ts:31:8:
[37m      31 â”‚         [32mPageHeaderComponent[37m,
         â•µ         [32m~~~~~~~~~~~~~~~~~~~[0m

  Unknown reference.

    src/app/features/teams/pages/teams-list.component.ts:31:8:
[37m      31 â”‚         [32mPageHeaderComponent[37m,
         â•µ         [32m~~~~~~~~~~~~~~~~~~~[0m


[31mX [41;31m[[41;97mERROR[41;31m][0m [1mNG1010: 'imports' must be an array of components, directives, pipes, or NgModules.
  Value could not be determined statically.[0m [1m[35m[plugin angular-compiler][0m

    src/app/features/teams/pages/teams-list.component.ts:32:8:
[37m      32 â”‚         [32mButtonComponent[37m,
         â•µ         [32m~~~~~~~~~~~~~~~[0m

  Unknown reference.

    src/app/features/teams/pages/teams-list.component.ts:32:8:
[37m      32 â”‚         [32mButtonComponent[37m,
         â•µ         [32m~~~~~~~~~~~~~~~[0m


[31mX [41;31m[[41;97mERROR[41;31m][0m [1mNG1010: 'imports' must be an array of components, directives, pipes, or NgModules.
  Value could not be determined statically.[0m [1m[35m[plugin angular-compiler][0m

    src/app/features/teams/pages/teams-list.component.ts:33:8:
[37m      33 â”‚         [32mBadgeComponent[37m,
         â•µ         [32m~~~~~~~~~~~~~~[0m

  Unknown reference.

    src/app/features/teams/pages/teams-list.component.ts:33:8:
[37m      33 â”‚         [32mBadgeComponent[37m,
         â•µ         [32m~~~~~~~~~~~~~~[0m


[31mX [41;31m[[41;97mERROR[41;31m][0m [1mNG1010: 'imports' must be an array of components, directives, pipes, or NgModules.
  Value could not be determined statically.[0m [1m[35m[plugin angular-compiler][0m

    src/app/features/teams/pages/teams-list.component.ts:34:8:
[37m      34 â”‚         [32mEmptyStateComponent[37m,
         â•µ         [32m~~~~~~~~~~~~~~~~~~~[0m

  Unknown reference.

    src/app/features/teams/pages/teams-list.component.ts:34:8:
[37m      34 â”‚         [32mEmptyStateComponent[37m,
         â•µ         [32m~~~~~~~~~~~~~~~~~~~[0m


[31mX [41;31m[[41;97mERROR[41;31m][0m [1mNG1010: 'imports' must be an array of components, directives, pipes, or NgModules.
  Value could not be determined statically.[0m [1m[35m[plugin angular-compiler][0m

    src/app/features/teams/pages/teams-list.component.ts:35:8:
[37m      35 â”‚         [32mInlineLoadingComponent[37m
         â•µ         [32m~~~~~~~~~~~~~~~~~~~~~~[0m

  Unknown reference.

    src/app/features/teams/pages/teams-list.component.ts:35:8:
[37m      35 â”‚         [32mInlineLoadingComponent[37m
         â•µ         [32m~~~~~~~~~~~~~~~~~~~~~~[0m


[31mX [41;31m[[41;97mERROR[41;31m][0m [1mTS2571: Object is of type 'unknown'.[0m [1m[35m[plugin angular-compiler][0m

    src/app/features/teams/pages/teams-list.component.ts:110:8:
[37m      110 â”‚         [32mthis.uiFeedback[37m.confirm(title, message, confirmText, team...
          â•µ         [32m~~~~~~~~~~~~~~~[0m


[31mX [41;31m[[41;97mERROR[41;31m][0m [1mTS2571: Object is of type 'unknown'.[0m [1m[35m[plugin angular-compiler][0m

    src/app/features/teams/pages/teams-list.component.ts:113:16:
[37m      113 â”‚                 [32mthis.uiFeedback[37m.success('ØªÙ… Ø§Ù„ØªØ­Ø¯ÙŠØ«', `ï¿½...
          â•µ                 [32m~~~~~~~~~~~~~~~[0m


[31mX [41;31m[[41;97mERROR[41;31m][0m [1mTS2571: Object is of type 'unknown'.[0m [1m[35m[plugin angular-compiler][0m

    src/app/features/teams/pages/teams-list.component.ts:119:8:
[37m      119 â”‚         [32mthis.uiFeedback[37m.confirm(
          â•µ         [32m~~~~~~~~~~~~~~~[0m


[31mX [41;31m[[41;97mERROR[41;31m][0m [1mTS2571: Object is of type 'unknown'.[0m [1m[35m[plugin angular-compiler][0m

    src/app/features/teams/pages/teams-list.component.ts:127:16:
[37m      127 â”‚                 [32mthis.uiFeedback[37m.success('ØªÙ… Ø§Ù„Ø­Ø°Ù', 'ØªÙ… ...
          â•µ                 [32m~~~~~~~~~~~~~~~[0m


[31mX [41;31m[[41;97mERROR[41;31m][0m [1mCould not resolve "../shared/pages/tournaments-list/tournaments-list.component"[0m

    src/app/captain/captain.routes.ts:30:44:
[37m      30 â”‚ ...=> import([32m'../shared/pages/tournaments-list/tournaments-list.co[37m...
         â•µ              [32m~~~~~~~~~~~~~~~~~~~~~~~~~~~~~~~~~~~~~~~~~~~~~~~~~~~~~[0m


[31mX [41;31m[[41;97mERROR[41;31m][0m [1mCould not resolve "../shared/pages/tournament-detail/tournament-detail.component"[0m

    src/app/captain/captain.routes.ts:38:44:
[37m      38 â”‚ ...=> import([32m'../shared/pages/tournament-detail/tournament-detail.[37m...
         â•µ              [32m~~~~~~~~~~~~~~~~~~~~~~~~~~~~~~~~~~~~~~~~~~~~~~~~~~~~~[0m


[31mX [41;31m[[41;97mERROR[41;31m][0m [1mCould not resolve "../../../core/services/match.service"[0m

    src/app/features/matches/components/end-match-confirm/end-match-confirm.component.ts:3:29:
[37m      3 â”‚ import { MatchService } from [32m'../../../core/services/match.service'[37m;
        â•µ                              [32m~~~~~~~~~~~~~~~~~~~~~~~~~~~~~~~~~~~~~~[0m


[31mX [41;31m[[41;97mERROR[41;31m][0m [1mCould not resolve "../../services/ui-feedback.service"[0m

    src/app/features/matches/components/end-match-confirm/end-match-confirm.component.ts:4:34:
[37m      4 â”‚ ...rt { UIFeedbackService } from [32m'../../services/ui-feedback.service'[37m;
        â•µ                                  [32m~~~~~~~~~~~~~~~~~~~~~~~~~~~~~~~~~~~~[0m


[31mX [41;31m[[41;97mERROR[41;31m][0m [1mCould not resolve "../modal/modal.component"[0m

    src/app/features/matches/components/end-match-confirm/end-match-confirm.component.ts:6:31:
[37m      6 â”‚ import { ModalComponent } from [32m'../modal/modal.component'[37m;
        â•µ                                [32m~~~~~~~~~~~~~~~~~~~~~~~~~~[0m


[31mX [41;31m[[41;97mERROR[41;31m][0m [1mCould not resolve "../button/button.component"[0m

    src/app/features/matches/components/end-match-confirm/end-match-confirm.component.ts:7:32:
[37m      7 â”‚ import { ButtonComponent } from [32m'../button/button.component'[37m;
        â•µ                                 [32m~~~~~~~~~~~~~~~~~~~~~~~~~~~~[0m


[31mX [41;31m[[41;97mERROR[41;31m][0m [1mCould not resolve "../../../core/services/match.service"[0m

    src/app/features/matches/components/match-event-modal/match-event-modal.component.ts:4:29:
[37m      4 â”‚ import { MatchService } from [32m'../../../core/services/match.service'[37m;
        â•µ                              [32m~~~~~~~~~~~~~~~~~~~~~~~~~~~~~~~~~~~~~~[0m


[31mX [41;31m[[41;97mERROR[41;31m][0m [1mCould not resolve "../../../core/services/team.service"[0m

    src/app/features/matches/components/match-event-modal/match-event-modal.component.ts:5:28:
[37m      5 â”‚ import { TeamService } from [32m'../../../core/services/team.service'[37m;
        â•µ                             [32m~~~~~~~~~~~~~~~~~~~~~~~~~~~~~~~~~~~~~[0m


[31mX [41;31m[[41;97mERROR[41;31m][0m [1mCould not resolve "../../services/ui-feedback.service"[0m

    src/app/features/matches/components/match-event-modal/match-event-modal.component.ts:6:34:
[37m      6 â”‚ ...rt { UIFeedbackService } from [32m'../../services/ui-feedback.service'[37m;
        â•µ                                  [32m~~~~~~~~~~~~~~~~~~~~~~~~~~~~~~~~~~~~[0m


[31mX [41;31m[[41;97mERROR[41;31m][0m [1mCould not resolve "../modal/modal.component"[0m

    src/app/features/matches/components/match-event-modal/match-event-modal.component.ts:7:31:
[37m      7 â”‚ import { ModalComponent } from [32m'../modal/modal.component'[37m;
        â•µ                                [32m~~~~~~~~~~~~~~~~~~~~~~~~~~[0m


[31mX [41;31m[[41;97mERROR[41;31m][0m [1mCould not resolve "../button/button.component"[0m

    src/app/features/matches/components/match-event-modal/match-event-modal.component.ts:8:32:
[37m      8 â”‚ import { ButtonComponent } from [32m'../button/button.component'[37m;
        â•µ                                 [32m~~~~~~~~~~~~~~~~~~~~~~~~~~~~[0m


[31mX [41;31m[[41;97mERROR[41;31m][0m [1mCould not resolve "../../../core/models/tournament.model"[0m

    src/app/features/matches/components/match-event-modal/match-event-modal.component.ts:9:38:
[37m      9 â”‚ ...tch, MatchEventType } from [32m'../../../core/models/tournament.model'[37m;
        â•µ                               [32m~~~~~~~~~~~~~~~~~~~~~~~~~~~~~~~~~~~~~~~[0m


[31mX [41;31m[[41;97mERROR[41;31m][0m [1mCould not resolve "../../../core/models/tournament.model"[0m

    src/app/features/matches/components/match-timeline/match-timeline.component.ts:3:31:
[37m      3 â”‚ ...rt { MatchEventType } from [32m'../../../core/models/tournament.model'[37m;
        â•µ                               [32m~~~~~~~~~~~~~~~~~~~~~~~~~~~~~~~~~~~~~~~[0m


[31mX [41;31m[[41;97mERROR[41;31m][0m [1mCould not resolve "../../../../../shared/services/ui-feedback.service"[0m

    src/app/features/teams/pages/team-detail/team-detail.component.ts:4:34:
[37m      4 â”‚ ...ervice } from [32m'../../../../../shared/services/ui-feedback.service'[37m;
        â•µ                  [32m~~~~~~~~~~~~~~~~~~~~~~~~~~~~~~~~~~~~~~~~~~~~~~~~~~~~[0m


[31mX [41;31m[[41;97mERROR[41;31m][0m [1mCould not resolve "../../../../../shared/components/filter/filter.component"[0m

    src/app/features/teams/pages/team-detail/team-detail.component.ts:5:32:
[37m      5 â”‚ ...ent } from [32m'../../../../../shared/components/filter/filter.compo[37m...
        â•µ               [32m~~~~~~~~~~~~~~~~~~~~~~~~~~~~~~~~~~~~~~~~~~~~~~~~~~~~~[0m


[31mX [41;31m[[41;97mERROR[41;31m][0m [1mCould not resolve "../../../../../shared/components/button/button.component"[0m

    src/app/features/teams/pages/team-detail/team-detail.component.ts:6:32:
[37m      6 â”‚ ...ent } from [32m'../../../../../shared/components/button/button.compo[37m...
        â•µ               [32m~~~~~~~~~~~~~~~~~~~~~~~~~~~~~~~~~~~~~~~~~~~~~~~~~~~~~[0m


[31mX [41;31m[[41;97mERROR[41;31m][0m [1mCould not resolve "../../../../../shared/components/badge/badge.component"[0m

    src/app/features/teams/pages/team-detail/team-detail.component.ts:7:31:
[37m      7 â”‚ ...ent } from [32m'../../../../../shared/components/badge/badge.compone[37m...
        â•µ               [32m~~~~~~~~~~~~~~~~~~~~~~~~~~~~~~~~~~~~~~~~~~~~~~~~~~~~~[0m


[31mX [41;31m[[41;97mERROR[41;31m][0m [1mCould not resolve "../../../../shared/services/ui-feedback.service"[0m

    src/app/features/teams/pages/teams-list.component.ts:4:34:
[37m      4 â”‚ ...ckService } from [32m'../../../../shared/services/ui-feedback.service'[37m;
        â•µ                     [32m~~~~~~~~~~~~~~~~~~~~~~~~~~~~~~~~~~~~~~~~~~~~~~~~~[0m


[31mX [41;31m[[41;97mERROR[41;31m][0m [1mCould not resolve "../../../../shared/components/filter/filter.component"[0m

    src/app/features/teams/pages/teams-list.component.ts:5:32:
[37m      5 â”‚ ...ent } from [32m'../../../../shared/components/filter/filter.component'[37m;
        â•µ               [32m~~~~~~~~~~~~~~~~~~~~~~~~~~~~~~~~~~~~~~~~~~~~~~~~~~~~~~~[0m


[31mX [41;31m[[41;97mERROR[41;31m][0m [1mCould not resolve "../../../../shared/components/page-header/page-header.component"[0m

    src/app/features/teams/pages/teams-list.component.ts:6:36:
[37m      6 â”‚ ...ent } from [32m'../../../../shared/components/page-header/page-heade[37m...
        â•µ               [32m~~~~~~~~~~~~~~~~~~~~~~~~~~~~~~~~~~~~~~~~~~~~~~~~~~~~~[0m


[31mX [41;31m[[41;97mERROR[41;31m][0m [1mCould not resolve "../../../../shared/components/button/button.component"[0m

    src/app/features/teams/pages/teams-list.component.ts:7:32:
[37m      7 â”‚ ...ent } from [32m'../../../../shared/components/button/button.component'[37m;
        â•µ               [32m~~~~~~~~~~~~~~~~~~~~~~~~~~~~~~~~~~~~~~~~~~~~~~~~~~~~~~~[0m


[31mX [41;31m[[41;97mERROR[41;31m][0m [1mCould not resolve "../../../../shared/components/badge/badge.component"[0m

    src/app/features/teams/pages/teams-list.component.ts:8:31:
[37m      8 â”‚ ...onent } from [32m'../../../../shared/components/badge/badge.component'[37m;
        â•µ                 [32m~~~~~~~~~~~~~~~~~~~~~~~~~~~~~~~~~~~~~~~~~~~~~~~~~~~~~[0m


[31mX [41;31m[[41;97mERROR[41;31m][0m [1mCould not resolve "../../../../shared/components/empty-state/empty-state.component"[0m

    src/app/features/teams/pages/teams-list.component.ts:9:36:
[37m      9 â”‚ ...ent } from [32m'../../../../shared/components/empty-state/empty-stat[37m...
        â•µ               [32m~~~~~~~~~~~~~~~~~~~~~~~~~~~~~~~~~~~~~~~~~~~~~~~~~~~~~[0m


[31mX [41;31m[[41;97mERROR[41;31m][0m [1mCould not resolve "../../../../shared/components/inline-loading/inline-loading.component"[0m

    src/app/features/teams/pages/teams-list.component.ts:10:39:
[37m      10 â”‚ ...nt } from [32m'../../../../shared/components/inline-loading/inline-[37m...
         â•µ              [32m~~~~~~~~~~~~~~~~~~~~~~~~~~~~~~~~~~~~~~~~~~~~~~~~~~~~~[0m

[39m[22m
